{
  "total_tests": 4,
  "passed": 0,
  "failed": 4,
  "test_cases": [
    {
      "name": "Valid Login Test",
      "status": "FAILED",
      "message": "Message: no such element: Unable to locate element: {\"method\":\"css selector\",\"selector\":\"[id=\"submit\"]\"}\n  (Session info: chrome=141.0.7390.123); For documentation on this error, please visit: https://www.selenium.dev/documentation/webdriver/troubleshooting/errors#nosuchelementexception\nStacktrace:\n\tGetHandleVerifier [0x0xeafe43+66515]\n\tGetHandleVerifier [0x0xeafe84+66580]\n\t(No symbol) [0x0xc9dc48]\n\t(No symbol) [0x0xce8704]\n\t(No symbol) [0x0xce8aab]\n\t(No symbol) [0x0xd2f482]\n\t(No symbol) [0x0xd0b214]\n\t(No symbol) [0x0xd2cba7]\n\t(No symbol) [0x0xd0afc6]\n\t(No symbol) [0x0xcdc2ca]\n\t(No symbol) [0x0xcdd154]\n\tGetHandleVerifier [0x0x1107353+2521315]\n\tGetHandleVerifier [0x0x11022d3+2500707]\n\tGetHandleVerifier [0x0xed7c94+229924]\n\tGetHandleVerifier [0x0xec81f8+165768]\n\tGetHandleVerifier [0x0xececad+193085]\n\tGetHandleVerifier [0x0xeb8158+100072]\n\tGetHandleVerifier [0x0xeb82f0+100480]\n\tGetHandleVerifier [0x0xea25aa+11066]\n\tBaseThreadInitThunk [0x0x759c5d49+25]\n\tRtlInitializeExceptionChain [0x0x7730d6db+107]\n\tRtlGetAppContainerNamedObjectPath [0x0x7730d661+561]\n"
    },
    {
      "name": "Invalid Username Test",
      "status": "FAILED",
      "message": "Message: no such element: Unable to locate element: {\"method\":\"css selector\",\"selector\":\"[id=\"submit\"]\"}\n  (Session info: chrome=141.0.7390.123); For documentation on this error, please visit: https://www.selenium.dev/documentation/webdriver/troubleshooting/errors#nosuchelementexception\nStacktrace:\n\tGetHandleVerifier [0x0xeafe43+66515]\n\tGetHandleVerifier [0x0xeafe84+66580]\n\t(No symbol) [0x0xc9dc48]\n\t(No symbol) [0x0xce8704]\n\t(No symbol) [0x0xce8aab]\n\t(No symbol) [0x0xd2f482]\n\t(No symbol) [0x0xd0b214]\n\t(No symbol) [0x0xd2cba7]\n\t(No symbol) [0x0xd0afc6]\n\t(No symbol) [0x0xcdc2ca]\n\t(No symbol) [0x0xcdd154]\n\tGetHandleVerifier [0x0x1107353+2521315]\n\tGetHandleVerifier [0x0x11022d3+2500707]\n\tGetHandleVerifier [0x0xed7c94+229924]\n\tGetHandleVerifier [0x0xec81f8+165768]\n\tGetHandleVerifier [0x0xececad+193085]\n\tGetHandleVerifier [0x0xeb8158+100072]\n\tGetHandleVerifier [0x0xeb82f0+100480]\n\tGetHandleVerifier [0x0xea25aa+11066]\n\tBaseThreadInitThunk [0x0x759c5d49+25]\n\tRtlInitializeExceptionChain [0x0x7730d6db+107]\n\tRtlGetAppContainerNamedObjectPath [0x0x7730d661+561]\n"
    },
    {
      "name": "Invalid Password Test",
      "status": "FAILED",
      "message": "Message: no such element: Unable to locate element: {\"method\":\"css selector\",\"selector\":\"[id=\"submit\"]\"}\n  (Session info: chrome=141.0.7390.123); For documentation on this error, please visit: https://www.selenium.dev/documentation/webdriver/troubleshooting/errors#nosuchelementexception\nStacktrace:\n\tGetHandleVerifier [0x0xeafe43+66515]\n\tGetHandleVerifier [0x0xeafe84+66580]\n\t(No symbol) [0x0xc9dc48]\n\t(No symbol) [0x0xce8704]\n\t(No symbol) [0x0xce8aab]\n\t(No symbol) [0x0xd2f482]\n\t(No symbol) [0x0xd0b214]\n\t(No symbol) [0x0xd2cba7]\n\t(No symbol) [0x0xd0afc6]\n\t(No symbol) [0x0xcdc2ca]\n\t(No symbol) [0x0xcdd154]\n\tGetHandleVerifier [0x0x1107353+2521315]\n\tGetHandleVerifier [0x0x11022d3+2500707]\n\tGetHandleVerifier [0x0xed7c94+229924]\n\tGetHandleVerifier [0x0xec81f8+165768]\n\tGetHandleVerifier [0x0xececad+193085]\n\tGetHandleVerifier [0x0xeb8158+100072]\n\tGetHandleVerifier [0x0xeb82f0+100480]\n\tGetHandleVerifier [0x0xea25aa+11066]\n\tBaseThreadInitThunk [0x0x759c5d49+25]\n\tRtlInitializeExceptionChain [0x0x7730d6db+107]\n\tRtlGetAppContainerNamedObjectPath [0x0x7730d661+561]\n"
    },
    {
      "name": "Empty Credentials Test",
      "status": "FAILED",
      "message": "Message: no such element: Unable to locate element: {\"method\":\"css selector\",\"selector\":\"[id=\"submit\"]\"}\n  (Session info: chrome=141.0.7390.123); For documentation on this error, please visit: https://www.selenium.dev/documentation/webdriver/troubleshooting/errors#nosuchelementexception\nStacktrace:\n\tGetHandleVerifier [0x0xeafe43+66515]\n\tGetHandleVerifier [0x0xeafe84+66580]\n\t(No symbol) [0x0xc9dc48]\n\t(No symbol) [0x0xce8704]\n\t(No symbol) [0x0xce8aab]\n\t(No symbol) [0x0xd2f482]\n\t(No symbol) [0x0xd0b214]\n\t(No symbol) [0x0xd2cba7]\n\t(No symbol) [0x0xd0afc6]\n\t(No symbol) [0x0xcdc2ca]\n\t(No symbol) [0x0xcdd154]\n\tGetHandleVerifier [0x0x1107353+2521315]\n\tGetHandleVerifier [0x0x11022d3+2500707]\n\tGetHandleVerifier [0x0xed7c94+229924]\n\tGetHandleVerifier [0x0xec81f8+165768]\n\tGetHandleVerifier [0x0xececad+193085]\n\tGetHandleVerifier [0x0xeb8158+100072]\n\tGetHandleVerifier [0x0xeb82f0+100480]\n\tGetHandleVerifier [0x0xea25aa+11066]\n\tBaseThreadInitThunk [0x0x759c5d49+25]\n\tRtlInitializeExceptionChain [0x0x7730d6db+107]\n\tRtlGetAppContainerNamedObjectPath [0x0x7730d661+561]\n"
    }
  ],
  "timestamp": "2025-11-04T16:20:21.542705"
}